Using pre-set license
Built from '2020.3/staging' branch; Version is '2020.3.30f1 (1fb1bf06830e) revision 2077119'; Using compiler version '192528614'; Build Type 'Release'
OS: 'Windows 11  (10.0.22000) 64bit Professional' Language: 'en' Physical Memory: 65442 MB
BatchMode: 1, IsHumanControllingUs: 0, StartBugReporterOnCrash: 0, Is64bit: 1, IsPro: 0

COMMAND LINE ARGUMENTS:
C:\Program Files\Unity\Hub\Editor\2020.3.30f1\Editor\Unity.exe
-adb2
-batchMode
-noUpm
-name
AssetImportWorker0
-projectPath
C:/Users/andye/mit/2022/Spring 2022/2.S972/Wizard of Oz Demo
-logFile
Logs/AssetImportWorker0.log
-srvPort
56601
Successfully changed project path to: C:/Users/andye/mit/2022/Spring 2022/2.S972/Wizard of Oz Demo
C:/Users/andye/mit/2022/Spring 2022/2.S972/Wizard of Oz Demo
Using Asset Import Pipeline V2.
Refreshing native plugins compatible for Editor in 63.69 ms, found 3 plugins.
Preloading 0 native plugins for Editor in 0.00 ms.
Initialize engine version: 2020.3.30f1 (1fb1bf06830e)
[Subsystems] Discovering subsystems at path C:/Program Files/Unity/Hub/Editor/2020.3.30f1/Editor/Data/Resources/UnitySubsystems
[Subsystems] Discovering subsystems at path C:/Users/andye/mit/2022/Spring 2022/2.S972/Wizard of Oz Demo/Assets
GfxDevice: creating device client; threaded=0
Direct3D:
    Version:  Direct3D 11.0 [level 11.1]
    Renderer: NVIDIA GeForce RTX 3080 (ID=0x2216)
    Vendor:   
    VRAM:     10078 MB
    Driver:   30.0.15.1179
Initialize mono
Mono path[0] = 'C:/Program Files/Unity/Hub/Editor/2020.3.30f1/Editor/Data/Managed'
Mono path[1] = 'C:/Program Files/Unity/Hub/Editor/2020.3.30f1/Editor/Data/MonoBleedingEdge/lib/mono/unityjit'
Mono config path = 'C:/Program Files/Unity/Hub/Editor/2020.3.30f1/Editor/Data/MonoBleedingEdge/etc'
Using monoOptions --debugger-agent=transport=dt_socket,embedding=1,server=y,suspend=n,address=127.0.0.1:56508
Begin MonoManager ReloadAssembly
Registering precompiled unity dll's ...
Register platform support module: C:/Program Files/Unity/Hub/Editor/2020.3.30f1/Editor/Data/PlaybackEngines/WindowsStandaloneSupport/UnityEditor.WindowsStandalone.Extensions.dll
Registered in 0.001481 seconds.
Native extension for WindowsStandalone target not found
Refreshing native plugins compatible for Editor in 51.50 ms, found 3 plugins.
Preloading 0 native plugins for Editor in 0.00 ms.
Mono: successfully reloaded assembly
- Completed reload, in  0.547 seconds
Domain Reload Profiling:
	ReloadAssembly (548ms)
		BeginReloadAssembly (57ms)
			ExecutionOrderSort (0ms)
			DisableScriptedObjects (0ms)
			BackupInstance (0ms)
			ReleaseScriptingObjects (0ms)
			CreateAndSetChildDomain (1ms)
		EndReloadAssembly (424ms)
			LoadAssemblies (55ms)
			RebuildTransferFunctionScriptingTraits (0ms)
			SetupTypeCache (147ms)
			ReleaseScriptCaches (0ms)
			RebuildScriptCaches (23ms)
			SetupLoadedEditorAssemblies (171ms)
				LogAssemblyErrors (0ms)
				InitializePlatformSupportModulesInManaged (4ms)
				SetLoadedEditorAssemblies (0ms)
				RefreshPlugins (52ms)
				BeforeProcessingInitializeOnLoad (11ms)
				ProcessInitializeOnLoadAttributes (75ms)
				ProcessInitializeOnLoadMethodAttributes (30ms)
				AfterProcessingInitializeOnLoad (0ms)
				EditorAssembliesLoaded (0ms)
			ExecutionOrderSort2 (0ms)
			AwakeInstancesAfterBackupRestoration (0ms)
Platform modules already initialized, skipping
Registering precompiled user dll's ...
Registered in 0.007719 seconds.
Begin MonoManager ReloadAssembly
Native extension for WindowsStandalone target not found
Refreshing native plugins compatible for Editor in 54.38 ms, found 3 plugins.
Preloading 0 native plugins for Editor in 0.00 ms.
Mono: successfully reloaded assembly
- Completed reload, in  1.257 seconds
Domain Reload Profiling:
	ReloadAssembly (1257ms)
		BeginReloadAssembly (131ms)
			ExecutionOrderSort (0ms)
			DisableScriptedObjects (4ms)
			BackupInstance (0ms)
			ReleaseScriptingObjects (0ms)
			CreateAndSetChildDomain (15ms)
		EndReloadAssembly (1074ms)
			LoadAssemblies (96ms)
			RebuildTransferFunctionScriptingTraits (0ms)
			SetupTypeCache (317ms)
			ReleaseScriptCaches (1ms)
			RebuildScriptCaches (48ms)
			SetupLoadedEditorAssemblies (516ms)
				LogAssemblyErrors (0ms)
				InitializePlatformSupportModulesInManaged (3ms)
				SetLoadedEditorAssemblies (0ms)
				RefreshPlugins (54ms)
				BeforeProcessingInitializeOnLoad (78ms)
				ProcessInitializeOnLoadAttributes (368ms)
				ProcessInitializeOnLoadMethodAttributes (7ms)
				AfterProcessingInitializeOnLoad (5ms)
				EditorAssembliesLoaded (0ms)
			ExecutionOrderSort2 (0ms)
			AwakeInstancesAfterBackupRestoration (5ms)
Platform modules already initialized, skipping
========================================================================
Worker process is ready to serve import requests
Launched and connected shader compiler UnityShaderCompiler.exe after 0.08 seconds
Refreshing native plugins compatible for Editor in 0.61 ms, found 3 plugins.
Preloading 0 native plugins for Editor in 0.00 ms.
Unloading 2923 Unused Serialized files (Serialized files now loaded: 0)
System memory in use before: 134.9 MB.
System memory in use after: 132.1 MB.

Unloading 80 unused Assets to reduce memory usage. Loaded Objects now: 3302.
Total: 4.373800 ms (FindLiveObjects: 0.213700 ms CreateObjectMapping: 0.154300 ms MarkObjects: 2.927200 ms  DeleteObjects: 1.078000 ms)

AssetImportParameters requested are different than current active one (requested -> active):
  custom:framework-win-MediaFoundation: 216162199b28c13a410421893ffa2e32 -> 
  custom:video-decoder-ogg-theora: a1e56fd34408186e4bbccfd4996cb3dc -> 
  custom:container-muxer-webm: aa71ff27fc2769a1b78a27578f13a17b -> 
  custom:container-demuxer-webm: 4f35f7cbe854078d1ac9338744f61a02 -> 
  custom:container-demuxer-ogg: 62fdf1f143b41e24485cea50d1cbac27 -> 
  custom:video-encoder-webm-vp8: eb34c28f22e8b96e1ab97ce403110664 -> 
  custom:video-decoder-webm-vp8: 9c59270c3fd7afecdb556c50c9e8de78 -> 
  custom:audio-decoder-ogg-vorbis: bf7c407c2cedff20999df2af8eb42d56 -> 
  custom:audio-encoder-webm-vorbis: bf7c407c2cedff20999df2af8eb42d56 -> 
========================================================================
Received Import Request.
  path: Assets/Plugins/BezierSolution
  artifactKey: Guid(8e12f244167e9e84d990156d1d5e06b9) Importer(815301076,1909f56bfc062723c751e8b465ee728b)
Start importing Assets/Plugins/BezierSolution using Guid(8e12f244167e9e84d990156d1d5e06b9) Importer(815301076,1909f56bfc062723c751e8b465ee728b)  -> (artifact id: '9fc606f0ec69788dfd299bf6ac661047') in 0.008635 seconds 
========================================================================
Received Prepare
Registering precompiled user dll's ...
Registered in 0.006817 seconds.
Begin MonoManager ReloadAssembly
Native extension for WindowsStandalone target not found
Refreshing native plugins compatible for Editor in 0.62 ms, found 3 plugins.
Preloading 0 native plugins for Editor in 0.00 ms.
Mono: successfully reloaded assembly
- Completed reload, in  1.031 seconds
Domain Reload Profiling:
	ReloadAssembly (1032ms)
		BeginReloadAssembly (110ms)
			ExecutionOrderSort (0ms)
			DisableScriptedObjects (3ms)
			BackupInstance (0ms)
			ReleaseScriptingObjects (0ms)
			CreateAndSetChildDomain (36ms)
		EndReloadAssembly (870ms)
			LoadAssemblies (89ms)
			RebuildTransferFunctionScriptingTraits (0ms)
			SetupTypeCache (282ms)
			ReleaseScriptCaches (1ms)
			RebuildScriptCaches (42ms)
			SetupLoadedEditorAssemblies (379ms)
				LogAssemblyErrors (0ms)
				InitializePlatformSupportModulesInManaged (4ms)
				SetLoadedEditorAssemblies (0ms)
				RefreshPlugins (1ms)
				BeforeProcessingInitializeOnLoad (87ms)
				ProcessInitializeOnLoadAttributes (275ms)
				ProcessInitializeOnLoadMethodAttributes (7ms)
				AfterProcessingInitializeOnLoad (5ms)
				EditorAssembliesLoaded (0ms)
			ExecutionOrderSort2 (0ms)
			AwakeInstancesAfterBackupRestoration (6ms)
Platform modules already initialized, skipping
Refreshing native plugins compatible for Editor in 0.61 ms, found 3 plugins.
Preloading 0 native plugins for Editor in 0.00 ms.
Unloading 2899 Unused Serialized files (Serialized files now loaded: 0)
System memory in use before: 133.1 MB.
System memory in use after: 130.2 MB.

Unloading 75 unused Assets to reduce memory usage. Loaded Objects now: 3305.
Total: 4.151000 ms (FindLiveObjects: 0.205300 ms CreateObjectMapping: 0.143100 ms MarkObjects: 2.737400 ms  DeleteObjects: 1.064300 ms)

AssetImportParameters requested are different than current active one (requested -> active):
  custom:framework-win-MediaFoundation: 216162199b28c13a410421893ffa2e32 -> 
  custom:video-decoder-ogg-theora: a1e56fd34408186e4bbccfd4996cb3dc -> 
  custom:container-muxer-webm: aa71ff27fc2769a1b78a27578f13a17b -> 
  custom:container-demuxer-webm: 4f35f7cbe854078d1ac9338744f61a02 -> 
  custom:container-demuxer-ogg: 62fdf1f143b41e24485cea50d1cbac27 -> 
  custom:video-encoder-webm-vp8: eb34c28f22e8b96e1ab97ce403110664 -> 
  custom:video-decoder-webm-vp8: 9c59270c3fd7afecdb556c50c9e8de78 -> 
  custom:audio-decoder-ogg-vorbis: bf7c407c2cedff20999df2af8eb42d56 -> 
  custom:audio-encoder-webm-vorbis: bf7c407c2cedff20999df2af8eb42d56 -> 
========================================================================
Received Import Request.
  Time since last request: 253.721216 seconds.
  path: Assets/Karting/Audio/EngineA3.wav
  artifactKey: Guid(c3af91df4ca764fd9b9f2e778e7e555a) Importer(815301076,1909f56bfc062723c751e8b465ee728b)
Start importing Assets/Karting/Audio/EngineA3.wav using Guid(c3af91df4ca764fd9b9f2e778e7e555a) Importer(815301076,1909f56bfc062723c751e8b465ee728b)  -> (artifact id: '525b6fdddbbf3ac5b8be228ccd568684') in 0.107603 seconds 
========================================================================
Received Import Request.
  Time since last request: 0.000144 seconds.
  path: Assets/Karting/Audio/StartSound02.wav
  artifactKey: Guid(30a284806deffbb4691f78109d0b617b) Importer(815301076,1909f56bfc062723c751e8b465ee728b)
Start importing Assets/Karting/Audio/StartSound02.wav using Guid(30a284806deffbb4691f78109d0b617b) Importer(815301076,1909f56bfc062723c751e8b465ee728b)  -> (artifact id: '684b6fc0c45f85af85379dbcb4a73a1d') in 0.014456 seconds 
========================================================================
Received Import Request.
  Time since last request: 0.000259 seconds.
  path: Assets/Karting/Audio/UI/Notification_End.wav
  artifactKey: Guid(a533219934975884e81c1add37af9930) Importer(815301076,1909f56bfc062723c751e8b465ee728b)
Start importing Assets/Karting/Audio/UI/Notification_End.wav using Guid(a533219934975884e81c1add37af9930) Importer(815301076,1909f56bfc062723c751e8b465ee728b)  -> (artifact id: '248d18480a1522b28af187d838e91b98') in 0.039942 seconds 
========================================================================
Received Import Request.
  Time since last request: 0.000158 seconds.
  path: Assets/Karting/Audio/Music.mp3
  artifactKey: Guid(1939f7149c0fae14a891ac314cb2e8f3) Importer(815301076,1909f56bfc062723c751e8b465ee728b)
Start importing Assets/Karting/Audio/Music.mp3 using Guid(1939f7149c0fae14a891ac314cb2e8f3) Importer(815301076,1909f56bfc062723c751e8b465ee728b)  -> (artifact id: '61c8acfab789983dacecc666bd1ea170') in 0.036576 seconds 
========================================================================
Received Import Request.
  Time since last request: 0.000146 seconds.
  path: Assets/Karting/Audio/EngineA4.wav
  artifactKey: Guid(3d7dea0b41109438aa3242fa6ce220a7) Importer(815301076,1909f56bfc062723c751e8b465ee728b)
Start importing Assets/Karting/Audio/EngineA4.wav using Guid(3d7dea0b41109438aa3242fa6ce220a7) Importer(815301076,1909f56bfc062723c751e8b465ee728b)  -> (artifact id: 'b47be7bfffe5beaa4fff27bc235cda10') in 0.018129 seconds 
========================================================================
Received Import Request.
  Time since last request: 0.000267 seconds.
  path: Assets/Karting/Tutorials/Sound Effects/Pop.aiff
  artifactKey: Guid(93fbb109633e844259ea828442bda0cb) Importer(815301076,1909f56bfc062723c751e8b465ee728b)
Start importing Assets/Karting/Tutorials/Sound Effects/Pop.aiff using Guid(93fbb109633e844259ea828442bda0cb) Importer(815301076,1909f56bfc062723c751e8b465ee728b)  -> (artifact id: '0cd5469c5079754c6b5c8c60d18eeae8') in 0.063767 seconds 
========================================================================
Received Import Request.
  Time since last request: 0.000196 seconds.
  path: Assets/Karting/Audio/UI/Notification_Chime.wav
  artifactKey: Guid(179db782f1044bc48b9dff5d487c4bef) Importer(815301076,1909f56bfc062723c751e8b465ee728b)
Start importing Assets/Karting/Audio/UI/Notification_Chime.wav using Guid(179db782f1044bc48b9dff5d487c4bef) Importer(815301076,1909f56bfc062723c751e8b465ee728b)  -> (artifact id: 'd495a275b1acd86f1830ef6c1587d518') in 0.010586 seconds 
========================================================================
Received Import Request.
  Time since last request: 0.000200 seconds.
  path: Assets/Karting/Audio/UI/Notification_Snap.wav
  artifactKey: Guid(3f01be6994a0ab6448a945dbdd9b3cda) Importer(815301076,1909f56bfc062723c751e8b465ee728b)
Start importing Assets/Karting/Audio/UI/Notification_Snap.wav using Guid(3f01be6994a0ab6448a945dbdd9b3cda) Importer(815301076,1909f56bfc062723c751e8b465ee728b)  -> (artifact id: 'ae5345b45ebc94832fb6f0c2bdef3ed3') in 0.011121 seconds 
========================================================================
Received Import Request.
  Time since last request: 0.000184 seconds.
  path: Assets/Karting/Audio/StartSound01.wav
  artifactKey: Guid(a935550c6172c6548b1bc8de6e56618a) Importer(815301076,1909f56bfc062723c751e8b465ee728b)
Start importing Assets/Karting/Audio/StartSound01.wav using Guid(a935550c6172c6548b1bc8de6e56618a) Importer(815301076,1909f56bfc062723c751e8b465ee728b)  -> (artifact id: '39104e053dc8323d811058cd4f5bf10a') in 0.010892 seconds 
========================================================================
Received Import Request.
  Time since last request: 0.609795 seconds.
  path: Assets/Karting/Audio/Tire_Screeching.wav
  artifactKey: Guid(e92cf848e62569a45b1f8cc697211084) Importer(815301076,1909f56bfc062723c751e8b465ee728b)
Start importing Assets/Karting/Audio/Tire_Screeching.wav using Guid(e92cf848e62569a45b1f8cc697211084) Importer(815301076,1909f56bfc062723c751e8b465ee728b)  -> (artifact id: 'bf52c9ec07d85a7ee2acae304fd9d15c') in 0.013172 seconds 
========================================================================
Received Import Request.
  Time since last request: 0.000146 seconds.
  path: Assets/Karting/Audio/UI/Warning_Bip.wav
  artifactKey: Guid(c1d1b8740810641508a7156b10ff59f2) Importer(815301076,1909f56bfc062723c751e8b465ee728b)
Start importing Assets/Karting/Audio/UI/Warning_Bip.wav using Guid(c1d1b8740810641508a7156b10ff59f2) Importer(815301076,1909f56bfc062723c751e8b465ee728b)  -> (artifact id: 'a34a8ceebf5b327107ed93c95593aed8') in 0.010476 seconds 
========================================================================
Received Import Request.
  Time since last request: 2.352991 seconds.
  path: Assets/Karting/Audio/EngineA1.wav
  artifactKey: Guid(dd46253c3a6b6439bbceb25ba2d5665e) Importer(815301076,1909f56bfc062723c751e8b465ee728b)
Start importing Assets/Karting/Audio/EngineA1.wav using Guid(dd46253c3a6b6439bbceb25ba2d5665e) Importer(815301076,1909f56bfc062723c751e8b465ee728b)  -> (artifact id: 'df933b422a9cf214292882aaecc85713') in 0.010222 seconds 
========================================================================
Received Import Request.
  Time since last request: 0.000135 seconds.
  path: Assets/Karting/Audio/EngineA2.wav
  artifactKey: Guid(2ad022136d1b64c57910b8dcd17576ef) Importer(815301076,1909f56bfc062723c751e8b465ee728b)
Start importing Assets/Karting/Audio/EngineA2.wav using Guid(2ad022136d1b64c57910b8dcd17576ef) Importer(815301076,1909f56bfc062723c751e8b465ee728b)  -> (artifact id: 'dca71c8afefe5f6242aa00dd83caf9e2') in 0.009891 seconds 
========================================================================
Received Import Request.
  Time since last request: 0.019435 seconds.
  path: Assets/Karting/Audio/engine-running.ogg
  artifactKey: Guid(819e4330b56d74b398255782be41515f) Importer(815301076,1909f56bfc062723c751e8b465ee728b)
Start importing Assets/Karting/Audio/engine-running.ogg using Guid(819e4330b56d74b398255782be41515f) Importer(815301076,1909f56bfc062723c751e8b465ee728b)  -> (artifact id: '34f48f32d950259d90f3f5f32d3f0265') in 0.014741 seconds 
========================================================================
Received Import Request.
  Time since last request: 0.000162 seconds.
  path: Assets/Karting/Audio/engine_start.ogg
  artifactKey: Guid(fc58125bd5e1d457c86a087d8ee30621) Importer(815301076,1909f56bfc062723c751e8b465ee728b)
Start importing Assets/Karting/Audio/engine_start.ogg using Guid(fc58125bd5e1d457c86a087d8ee30621) Importer(815301076,1909f56bfc062723c751e8b465ee728b)  -> (artifact id: 'b7ee80f7fe68f0aa08b0189076e01b79') in 0.014522 seconds 
========================================================================
Received Import Request.
  Time since last request: 0.218867 seconds.
  path: Assets/Karting/Audio/engine-idle.ogg
  artifactKey: Guid(f17f8fff3c3fe468fb2aa48c723044aa) Importer(815301076,1909f56bfc062723c751e8b465ee728b)
Start importing Assets/Karting/Audio/engine-idle.ogg using Guid(f17f8fff3c3fe468fb2aa48c723044aa) Importer(815301076,1909f56bfc062723c751e8b465ee728b)  -> (artifact id: 'd7b0a6edbda12a224cd669a19f67bf5f') in 0.012926 seconds 
========================================================================
Received Import Request.
  Time since last request: 0.000132 seconds.
  path: Assets/Karting/Audio/engine-rev.ogg
  artifactKey: Guid(7eb03bd77be2345cd94afa59ba4cec74) Importer(815301076,1909f56bfc062723c751e8b465ee728b)
Start importing Assets/Karting/Audio/engine-rev.ogg using Guid(7eb03bd77be2345cd94afa59ba4cec74) Importer(815301076,1909f56bfc062723c751e8b465ee728b)  -> (artifact id: 'ad431f7ca6f8b327cc4814ad2467b25f') in 0.013543 seconds 
========================================================================
Received Import Request.
  Time since last request: 0.001889 seconds.
  path: Assets/Karting/Audio/CollisionWalls.wav
  artifactKey: Guid(09f715e4d9c95e848945e7702f9bab46) Importer(815301076,1909f56bfc062723c751e8b465ee728b)
Start importing Assets/Karting/Audio/CollisionWalls.wav using Guid(09f715e4d9c95e848945e7702f9bab46) Importer(815301076,1909f56bfc062723c751e8b465ee728b)  -> (artifact id: '586fe1d631de3eac76ff675c57f21bc1') in 0.012969 seconds 
========================================================================
Received Prepare
Registering precompiled user dll's ...
Registered in 0.007398 seconds.
Begin MonoManager ReloadAssembly
Native extension for WindowsStandalone target not found
Refreshing native plugins compatible for Editor in 0.64 ms, found 3 plugins.
Preloading 0 native plugins for Editor in 0.00 ms.
Mono: successfully reloaded assembly
- Completed reload, in  1.120 seconds
Domain Reload Profiling:
	ReloadAssembly (1120ms)
		BeginReloadAssembly (114ms)
			ExecutionOrderSort (0ms)
			DisableScriptedObjects (4ms)
			BackupInstance (0ms)
			ReleaseScriptingObjects (0ms)
			CreateAndSetChildDomain (37ms)
		EndReloadAssembly (938ms)
			LoadAssemblies (104ms)
			RebuildTransferFunctionScriptingTraits (0ms)
			SetupTypeCache (304ms)
			ReleaseScriptCaches (1ms)
			RebuildScriptCaches (39ms)
			SetupLoadedEditorAssemblies (406ms)
				LogAssemblyErrors (0ms)
				InitializePlatformSupportModulesInManaged (4ms)
				SetLoadedEditorAssemblies (0ms)
				RefreshPlugins (1ms)
				BeforeProcessingInitializeOnLoad (98ms)
				ProcessInitializeOnLoadAttributes (289ms)
				ProcessInitializeOnLoadMethodAttributes (8ms)
				AfterProcessingInitializeOnLoad (5ms)
				EditorAssembliesLoaded (0ms)
			ExecutionOrderSort2 (0ms)
			AwakeInstancesAfterBackupRestoration (7ms)
Platform modules already initialized, skipping
Refreshing native plugins compatible for Editor in 0.64 ms, found 3 plugins.
Preloading 0 native plugins for Editor in 0.00 ms.
Unloading 2899 Unused Serialized files (Serialized files now loaded: 0)
System memory in use before: 136.1 MB.
System memory in use after: 133.3 MB.

Unloading 75 unused Assets to reduce memory usage. Loaded Objects now: 3317.
Total: 4.010000 ms (FindLiveObjects: 0.208200 ms CreateObjectMapping: 0.146100 ms MarkObjects: 2.602800 ms  DeleteObjects: 1.052000 ms)

AssetImportParameters requested are different than current active one (requested -> active):
  custom:framework-win-MediaFoundation: 216162199b28c13a410421893ffa2e32 -> 
  custom:video-decoder-ogg-theora: a1e56fd34408186e4bbccfd4996cb3dc -> 
  custom:container-muxer-webm: aa71ff27fc2769a1b78a27578f13a17b -> 
  custom:container-demuxer-webm: 4f35f7cbe854078d1ac9338744f61a02 -> 
  custom:container-demuxer-ogg: 62fdf1f143b41e24485cea50d1cbac27 -> 
  custom:video-encoder-webm-vp8: eb34c28f22e8b96e1ab97ce403110664 -> 
  custom:video-decoder-webm-vp8: 9c59270c3fd7afecdb556c50c9e8de78 -> 
  custom:audio-decoder-ogg-vorbis: bf7c407c2cedff20999df2af8eb42d56 -> 
  custom:audio-encoder-webm-vorbis: bf7c407c2cedff20999df2af8eb42d56 -> 
========================================================================
Received Import Request.
  Time since last request: 21.468613 seconds.
  path: Assets/Karting/Rhythm Rider/Chords added to sample song.mp3
  artifactKey: Guid(e9f22bd014125f247a07ea207e4646b0) Importer(815301076,1909f56bfc062723c751e8b465ee728b)
Start importing Assets/Karting/Rhythm Rider/Chords added to sample song.mp3 using Guid(e9f22bd014125f247a07ea207e4646b0) Importer(815301076,1909f56bfc062723c751e8b465ee728b)  -> (artifact id: '4a2337b8cb1c2cda0325eee2e466ba90') in 0.037789 seconds 
========================================================================
Received Import Request.
  Time since last request: 7.914664 seconds.
  path: Assets/Karting/Audio/MainAudioMixer.mixer
  artifactKey: Guid(fcc71635aab95ff4fbdf1880bf2afa2f) Importer(815301076,1909f56bfc062723c751e8b465ee728b)
Start importing Assets/Karting/Audio/MainAudioMixer.mixer using Guid(fcc71635aab95ff4fbdf1880bf2afa2f) Importer(815301076,1909f56bfc062723c751e8b465ee728b)  -> (artifact id: 'eebade196fe3505748de0c8f77593ff9') in 0.009827 seconds 
========================================================================
Received Prepare
Registering precompiled user dll's ...
Registered in 0.006866 seconds.
Begin MonoManager ReloadAssembly
Native extension for WindowsStandalone target not found
Refreshing native plugins compatible for Editor in 0.63 ms, found 3 plugins.
Preloading 0 native plugins for Editor in 0.00 ms.
Mono: successfully reloaded assembly
- Completed reload, in  1.067 seconds
Domain Reload Profiling:
	ReloadAssembly (1067ms)
		BeginReloadAssembly (115ms)
			ExecutionOrderSort (0ms)
			DisableScriptedObjects (4ms)
			BackupInstance (0ms)
			ReleaseScriptingObjects (0ms)
			CreateAndSetChildDomain (36ms)
		EndReloadAssembly (891ms)
			LoadAssemblies (107ms)
			RebuildTransferFunctionScriptingTraits (0ms)
			SetupTypeCache (299ms)
			ReleaseScriptCaches (1ms)
			RebuildScriptCaches (41ms)
			SetupLoadedEditorAssemblies (367ms)
				LogAssemblyErrors (0ms)
				InitializePlatformSupportModulesInManaged (4ms)
				SetLoadedEditorAssemblies (0ms)
				RefreshPlugins (1ms)
				BeforeProcessingInitializeOnLoad (89ms)
				ProcessInitializeOnLoadAttributes (261ms)
				ProcessInitializeOnLoadMethodAttributes (7ms)
				AfterProcessingInitializeOnLoad (5ms)
				EditorAssembliesLoaded (0ms)
			ExecutionOrderSort2 (0ms)
			AwakeInstancesAfterBackupRestoration (7ms)
Platform modules already initialized, skipping
Refreshing native plugins compatible for Editor in 0.71 ms, found 3 plugins.
Preloading 0 native plugins for Editor in 0.00 ms.
Unloading 2899 Unused Serialized files (Serialized files now loaded: 0)
System memory in use before: 136.1 MB.
System memory in use after: 133.3 MB.

Unloading 75 unused Assets to reduce memory usage. Loaded Objects now: 3321.
Total: 4.180900 ms (FindLiveObjects: 0.215500 ms CreateObjectMapping: 0.140500 ms MarkObjects: 2.618100 ms  DeleteObjects: 1.206000 ms)

AssetImportParameters requested are different than current active one (requested -> active):
  custom:framework-win-MediaFoundation: 216162199b28c13a410421893ffa2e32 -> 
  custom:video-decoder-ogg-theora: a1e56fd34408186e4bbccfd4996cb3dc -> 
  custom:container-muxer-webm: aa71ff27fc2769a1b78a27578f13a17b -> 
  custom:container-demuxer-webm: 4f35f7cbe854078d1ac9338744f61a02 -> 
  custom:container-demuxer-ogg: 62fdf1f143b41e24485cea50d1cbac27 -> 
  custom:video-encoder-webm-vp8: eb34c28f22e8b96e1ab97ce403110664 -> 
  custom:video-decoder-webm-vp8: 9c59270c3fd7afecdb556c50c9e8de78 -> 
  custom:audio-decoder-ogg-vorbis: bf7c407c2cedff20999df2af8eb42d56 -> 
  custom:audio-encoder-webm-vorbis: bf7c407c2cedff20999df2af8eb42d56 -> 
========================================================================
Received Import Request.
  Time since last request: 134.923737 seconds.
  path: Assets/Plugins/BezierSolution/Utilities
  artifactKey: Guid(86440575d46397c488152ba57ee62ed4) Importer(815301076,1909f56bfc062723c751e8b465ee728b)
Start importing Assets/Plugins/BezierSolution/Utilities using Guid(86440575d46397c488152ba57ee62ed4) Importer(815301076,1909f56bfc062723c751e8b465ee728b)  -> (artifact id: 'bd57ef7061026446e8760b3a4b05097a') in 0.008257 seconds 
========================================================================
Received Import Request.
  Time since last request: 0.955311 seconds.
  path: Assets/Plugins/BezierSolution/Utilities/BezierLineRenderer.cs
  artifactKey: Guid(09bf7d81c21c8564abb7c13d3e848e94) Importer(815301076,1909f56bfc062723c751e8b465ee728b)
Start importing Assets/Plugins/BezierSolution/Utilities/BezierLineRenderer.cs using Guid(09bf7d81c21c8564abb7c13d3e848e94) Importer(815301076,1909f56bfc062723c751e8b465ee728b)  -> (artifact id: '9c2cbb59b9e5a69df29d22c2a09c3735') in 0.007246 seconds 
========================================================================
Received Import Request.
  Time since last request: 0.940429 seconds.
  path: Assets/Plugins/BezierSolution/Utilities/BezierWalker.cs
  artifactKey: Guid(2e3fd6f386de3644ba3090712795517d) Importer(815301076,1909f56bfc062723c751e8b465ee728b)
Start importing Assets/Plugins/BezierSolution/Utilities/BezierWalker.cs using Guid(2e3fd6f386de3644ba3090712795517d) Importer(815301076,1909f56bfc062723c751e8b465ee728b)  -> (artifact id: '57ea8f0368c33357357e381e30759087') in 0.006268 seconds 
========================================================================
Received Import Request.
  Time since last request: 1.564391 seconds.
  path: Assets/Plugins/BezierSolution/Utilities/BezierWalkerWithSpeed.cs
  artifactKey: Guid(148310ac13c958d4c93f53cdfe985375) Importer(815301076,1909f56bfc062723c751e8b465ee728b)
Start importing Assets/Plugins/BezierSolution/Utilities/BezierWalkerWithSpeed.cs using Guid(148310ac13c958d4c93f53cdfe985375) Importer(815301076,1909f56bfc062723c751e8b465ee728b)  -> (artifact id: 'cd5043e479b89b295c52e83ef703ef20') in 0.004630 seconds 
========================================================================
Received Import Request.
  Time since last request: 0.639274 seconds.
  path: Assets/Plugins/BezierSolution/Utilities/BezierWalkerWithTime.cs
  artifactKey: Guid(46d12b9f97514694e962a3395a73e638) Importer(815301076,1909f56bfc062723c751e8b465ee728b)
Start importing Assets/Plugins/BezierSolution/Utilities/BezierWalkerWithTime.cs using Guid(46d12b9f97514694e962a3395a73e638) Importer(815301076,1909f56bfc062723c751e8b465ee728b)  -> (artifact id: '6399b4a7f20ddb752ba0ac477e2f6e17') in 0.005017 seconds 
========================================================================
Received Prepare
Registering precompiled user dll's ...
Registered in 0.006699 seconds.
Begin MonoManager ReloadAssembly
Native extension for WindowsStandalone target not found
Refreshing native plugins compatible for Editor in 1.05 ms, found 3 plugins.
Preloading 0 native plugins for Editor in 0.00 ms.
Mono: successfully reloaded assembly
- Completed reload, in  1.125 seconds
Domain Reload Profiling:
	ReloadAssembly (1125ms)
		BeginReloadAssembly (115ms)
			ExecutionOrderSort (0ms)
			DisableScriptedObjects (4ms)
			BackupInstance (0ms)
			ReleaseScriptingObjects (0ms)
			CreateAndSetChildDomain (38ms)
		EndReloadAssembly (947ms)
			LoadAssemblies (97ms)
			RebuildTransferFunctionScriptingTraits (0ms)
			SetupTypeCache (352ms)
			ReleaseScriptCaches (1ms)
			RebuildScriptCaches (39ms)
			SetupLoadedEditorAssemblies (373ms)
				LogAssemblyErrors (0ms)
				InitializePlatformSupportModulesInManaged (6ms)
				SetLoadedEditorAssemblies (1ms)
				RefreshPlugins (1ms)
				BeforeProcessingInitializeOnLoad (85ms)
				ProcessInitializeOnLoadAttributes (268ms)
				ProcessInitializeOnLoadMethodAttributes (8ms)
				AfterProcessingInitializeOnLoad (5ms)
				EditorAssembliesLoaded (0ms)
			ExecutionOrderSort2 (0ms)
			AwakeInstancesAfterBackupRestoration (8ms)
Platform modules already initialized, skipping
Refreshing native plugins compatible for Editor in 1.03 ms, found 3 plugins.
Preloading 0 native plugins for Editor in 0.00 ms.
Unloading 2899 Unused Serialized files (Serialized files now loaded: 0)
System memory in use before: 136.2 MB.
System memory in use after: 133.4 MB.

Unloading 75 unused Assets to reduce memory usage. Loaded Objects now: 3324.
Total: 4.849300 ms (FindLiveObjects: 0.205500 ms CreateObjectMapping: 0.146300 ms MarkObjects: 3.286500 ms  DeleteObjects: 1.210300 ms)

AssetImportParameters requested are different than current active one (requested -> active):
  custom:framework-win-MediaFoundation: 216162199b28c13a410421893ffa2e32 -> 
  custom:video-decoder-ogg-theora: a1e56fd34408186e4bbccfd4996cb3dc -> 
  custom:container-muxer-webm: aa71ff27fc2769a1b78a27578f13a17b -> 
  custom:container-demuxer-webm: 4f35f7cbe854078d1ac9338744f61a02 -> 
  custom:container-demuxer-ogg: 62fdf1f143b41e24485cea50d1cbac27 -> 
  custom:video-encoder-webm-vp8: eb34c28f22e8b96e1ab97ce403110664 -> 
  custom:video-decoder-webm-vp8: 9c59270c3fd7afecdb556c50c9e8de78 -> 
  custom:audio-decoder-ogg-vorbis: bf7c407c2cedff20999df2af8eb42d56 -> 
  custom:audio-encoder-webm-vorbis: bf7c407c2cedff20999df2af8eb42d56 -> 
========================================================================
Received Import Request.
  Time since last request: 248.105707 seconds.
  path: Assets/Plugins/BezierSolution/Utilities/BezierWalkerWithTime.cs
  artifactKey: Guid(46d12b9f97514694e962a3395a73e638) Importer(815301076,1909f56bfc062723c751e8b465ee728b)
Start importing Assets/Plugins/BezierSolution/Utilities/BezierWalkerWithTime.cs using Guid(46d12b9f97514694e962a3395a73e638) Importer(815301076,1909f56bfc062723c751e8b465ee728b)  -> (artifact id: '3e74058d8701d1cef110153dfc57192d') in 0.004950 seconds 
========================================================================
Received Prepare
Registering precompiled user dll's ...
Registered in 0.007206 seconds.
Begin MonoManager ReloadAssembly
Native extension for WindowsStandalone target not found
Refreshing native plugins compatible for Editor in 0.63 ms, found 3 plugins.
Preloading 0 native plugins for Editor in 0.00 ms.
Mono: successfully reloaded assembly
- Completed reload, in  1.105 seconds
Domain Reload Profiling:
	ReloadAssembly (1105ms)
		BeginReloadAssembly (105ms)
			ExecutionOrderSort (0ms)
			DisableScriptedObjects (4ms)
			BackupInstance (0ms)
			ReleaseScriptingObjects (0ms)
			CreateAndSetChildDomain (33ms)
		EndReloadAssembly (947ms)
			LoadAssemblies (89ms)
			RebuildTransferFunctionScriptingTraits (0ms)
			SetupTypeCache (304ms)
			ReleaseScriptCaches (1ms)
			RebuildScriptCaches (38ms)
			SetupLoadedEditorAssemblies (419ms)
				LogAssemblyErrors (0ms)
				InitializePlatformSupportModulesInManaged (4ms)
				SetLoadedEditorAssemblies (0ms)
				RefreshPlugins (1ms)
				BeforeProcessingInitializeOnLoad (97ms)
				ProcessInitializeOnLoadAttributes (300ms)
				ProcessInitializeOnLoadMethodAttributes (10ms)
				AfterProcessingInitializeOnLoad (6ms)
				EditorAssembliesLoaded (0ms)
			ExecutionOrderSort2 (0ms)
			AwakeInstancesAfterBackupRestoration (12ms)
Platform modules already initialized, skipping
Refreshing native plugins compatible for Editor in 0.63 ms, found 3 plugins.
Preloading 0 native plugins for Editor in 0.00 ms.
Unloading 2899 Unused Serialized files (Serialized files now loaded: 0)
System memory in use before: 136.2 MB.
System memory in use after: 133.4 MB.

Unloading 75 unused Assets to reduce memory usage. Loaded Objects now: 3327.
Total: 4.417600 ms (FindLiveObjects: 0.232400 ms CreateObjectMapping: 0.155200 ms MarkObjects: 2.796700 ms  DeleteObjects: 1.232300 ms)

AssetImportParameters requested are different than current active one (requested -> active):
  custom:framework-win-MediaFoundation: 216162199b28c13a410421893ffa2e32 -> 
  custom:video-decoder-ogg-theora: a1e56fd34408186e4bbccfd4996cb3dc -> 
  custom:container-muxer-webm: aa71ff27fc2769a1b78a27578f13a17b -> 
  custom:container-demuxer-webm: 4f35f7cbe854078d1ac9338744f61a02 -> 
  custom:container-demuxer-ogg: 62fdf1f143b41e24485cea50d1cbac27 -> 
  custom:video-encoder-webm-vp8: eb34c28f22e8b96e1ab97ce403110664 -> 
  custom:video-decoder-webm-vp8: 9c59270c3fd7afecdb556c50c9e8de78 -> 
  custom:audio-decoder-ogg-vorbis: bf7c407c2cedff20999df2af8eb42d56 -> 
  custom:audio-encoder-webm-vorbis: bf7c407c2cedff20999df2af8eb42d56 -> 
========================================================================
Received Import Request.
  Time since last request: 383.834922 seconds.
  path: Assets/Karting/Rhythm Rider/Skateboarding.fbx
  artifactKey: Guid(afdfec4819563814b999564e72c432c9) Importer(815301076,1909f56bfc062723c751e8b465ee728b)
Start importing Assets/Karting/Rhythm Rider/Skateboarding.fbx using Guid(afdfec4819563814b999564e72c432c9) Importer(815301076,1909f56bfc062723c751e8b465ee728b)  -> (artifact id: 'b98be9157a65ca0488987e6976c93a01') in 0.187637 seconds 
========================================================================
Received Import Request.
  Time since last request: 24.146618 seconds.
  path: Assets/Karting/Rhythm Rider/Skateboarding.fbx
  artifactKey: Guid(afdfec4819563814b999564e72c432c9) Importer(815301076,1909f56bfc062723c751e8b465ee728b)
Start importing Assets/Karting/Rhythm Rider/Skateboarding.fbx using Guid(afdfec4819563814b999564e72c432c9) Importer(815301076,1909f56bfc062723c751e8b465ee728b)  -> (artifact id: 'e5e15fd0598b3223325d85e554c50e51') in 0.079807 seconds 
========================================================================
Received Prepare
Registering precompiled user dll's ...
Registered in 0.007047 seconds.
Begin MonoManager ReloadAssembly
Native extension for WindowsStandalone target not found
Refreshing native plugins compatible for Editor in 0.63 ms, found 3 plugins.
Preloading 0 native plugins for Editor in 0.00 ms.
Mono: successfully reloaded assembly
- Completed reload, in  1.094 seconds
Domain Reload Profiling:
	ReloadAssembly (1094ms)
		BeginReloadAssembly (117ms)
			ExecutionOrderSort (0ms)
			DisableScriptedObjects (4ms)
			BackupInstance (0ms)
			ReleaseScriptingObjects (0ms)
			CreateAndSetChildDomain (38ms)
		EndReloadAssembly (913ms)
			LoadAssemblies (104ms)
			RebuildTransferFunctionScriptingTraits (0ms)
			SetupTypeCache (312ms)
			ReleaseScriptCaches (1ms)
			RebuildScriptCaches (36ms)
			SetupLoadedEditorAssemblies (383ms)
				LogAssemblyErrors (0ms)
				InitializePlatformSupportModulesInManaged (4ms)
				SetLoadedEditorAssemblies (0ms)
				RefreshPlugins (1ms)
				BeforeProcessingInitializeOnLoad (89ms)
				ProcessInitializeOnLoadAttributes (273ms)
				ProcessInitializeOnLoadMethodAttributes (10ms)
				AfterProcessingInitializeOnLoad (5ms)
				EditorAssembliesLoaded (0ms)
			ExecutionOrderSort2 (0ms)
			AwakeInstancesAfterBackupRestoration (11ms)
Platform modules already initialized, skipping
Refreshing native plugins compatible for Editor in 0.70 ms, found 3 plugins.
Preloading 0 native plugins for Editor in 0.00 ms.
Unloading 2899 Unused Serialized files (Serialized files now loaded: 0)
System memory in use before: 136.6 MB.
System memory in use after: 133.8 MB.

Unloading 75 unused Assets to reduce memory usage. Loaded Objects now: 3367.
Total: 4.663400 ms (FindLiveObjects: 0.242000 ms CreateObjectMapping: 0.177400 ms MarkObjects: 2.890000 ms  DeleteObjects: 1.353200 ms)

AssetImportParameters requested are different than current active one (requested -> active):
  custom:framework-win-MediaFoundation: 216162199b28c13a410421893ffa2e32 -> 
  custom:video-decoder-ogg-theora: a1e56fd34408186e4bbccfd4996cb3dc -> 
  custom:container-muxer-webm: aa71ff27fc2769a1b78a27578f13a17b -> 
  custom:container-demuxer-webm: 4f35f7cbe854078d1ac9338744f61a02 -> 
  custom:container-demuxer-ogg: 62fdf1f143b41e24485cea50d1cbac27 -> 
  custom:video-encoder-webm-vp8: eb34c28f22e8b96e1ab97ce403110664 -> 
  custom:video-decoder-webm-vp8: 9c59270c3fd7afecdb556c50c9e8de78 -> 
  custom:audio-decoder-ogg-vorbis: bf7c407c2cedff20999df2af8eb42d56 -> 
  custom:audio-encoder-webm-vorbis: bf7c407c2cedff20999df2af8eb42d56 -> 
========================================================================
Received Import Request.
  Time since last request: 130.177834 seconds.
  path: Assets/Karting/Rhythm Rider/Skateboarding.fbx
  artifactKey: Guid(afdfec4819563814b999564e72c432c9) Importer(815301076,1909f56bfc062723c751e8b465ee728b)
Start importing Assets/Karting/Rhythm Rider/Skateboarding.fbx using Guid(afdfec4819563814b999564e72c432c9) Importer(815301076,1909f56bfc062723c751e8b465ee728b)  -> (artifact id: '5770060c058c27599a913e79bd053305') in 0.140573 seconds 
========================================================================
Received Import Request.
  Time since last request: 101.407680 seconds.
  path: Assets/Karting/Art/Models/Kart_Classic/KartClassic_Body.fbx
  artifactKey: Guid(d3aa50a8114db7a4e95c5cb29a283ac4) Importer(815301076,1909f56bfc062723c751e8b465ee728b)
Start importing Assets/Karting/Art/Models/Kart_Classic/KartClassic_Body.fbx using Guid(d3aa50a8114db7a4e95c5cb29a283ac4) Importer(815301076,1909f56bfc062723c751e8b465ee728b)  -> (artifact id: '892d5067be42ab16462886cf2f24a6f5') in 0.030194 seconds 
========================================================================
Received Import Request.
  Time since last request: 0.000200 seconds.
  path: Assets/Karting/Art/Models/Kart_Classic/KartClassic_Wheels.fbx
  artifactKey: Guid(305a556307b36464395aa157cffcd3db) Importer(815301076,1909f56bfc062723c751e8b465ee728b)
Start importing Assets/Karting/Art/Models/Kart_Classic/KartClassic_Wheels.fbx using Guid(305a556307b36464395aa157cffcd3db) Importer(815301076,1909f56bfc062723c751e8b465ee728b)  -> (artifact id: 'feaefd3dddb67ca5c3323bb6f44c311e') in 0.064246 seconds 
========================================================================
Received Prepare
Registering precompiled user dll's ...
Registered in 0.008320 seconds.
Begin MonoManager ReloadAssembly
Native extension for WindowsStandalone target not found
Refreshing native plugins compatible for Editor in 0.78 ms, found 3 plugins.
Preloading 0 native plugins for Editor in 0.00 ms.
Mono: successfully reloaded assembly
- Completed reload, in  1.080 seconds
Domain Reload Profiling:
	ReloadAssembly (1080ms)
		BeginReloadAssembly (113ms)
			ExecutionOrderSort (0ms)
			DisableScriptedObjects (4ms)
			BackupInstance (0ms)
			ReleaseScriptingObjects (0ms)
			CreateAndSetChildDomain (34ms)
		EndReloadAssembly (914ms)
			LoadAssemblies (97ms)
			RebuildTransferFunctionScriptingTraits (0ms)
			SetupTypeCache (315ms)
			ReleaseScriptCaches (1ms)
			RebuildScriptCaches (39ms)
			SetupLoadedEditorAssemblies (377ms)
				LogAssemblyErrors (0ms)
				InitializePlatformSupportModulesInManaged (4ms)
				SetLoadedEditorAssemblies (0ms)
				RefreshPlugins (1ms)
				BeforeProcessingInitializeOnLoad (97ms)
				ProcessInitializeOnLoadAttributes (262ms)
				ProcessInitializeOnLoadMethodAttributes (7ms)
				AfterProcessingInitializeOnLoad (4ms)
				EditorAssembliesLoaded (0ms)
			ExecutionOrderSort2 (0ms)
			AwakeInstancesAfterBackupRestoration (11ms)
Platform modules already initialized, skipping
Refreshing native plugins compatible for Editor in 0.60 ms, found 3 plugins.
Preloading 0 native plugins for Editor in 0.00 ms.
Unloading 2899 Unused Serialized files (Serialized files now loaded: 0)
System memory in use before: 136.6 MB.
System memory in use after: 133.9 MB.

Unloading 75 unused Assets to reduce memory usage. Loaded Objects now: 3371.
Total: 4.031200 ms (FindLiveObjects: 0.193100 ms CreateObjectMapping: 0.125700 ms MarkObjects: 2.532000 ms  DeleteObjects: 1.179600 ms)

AssetImportParameters requested are different than current active one (requested -> active):
  custom:framework-win-MediaFoundation: 216162199b28c13a410421893ffa2e32 -> 
  custom:video-decoder-ogg-theora: a1e56fd34408186e4bbccfd4996cb3dc -> 
  custom:container-muxer-webm: aa71ff27fc2769a1b78a27578f13a17b -> 
  custom:container-demuxer-webm: 4f35f7cbe854078d1ac9338744f61a02 -> 
  custom:container-demuxer-ogg: 62fdf1f143b41e24485cea50d1cbac27 -> 
  custom:video-encoder-webm-vp8: eb34c28f22e8b96e1ab97ce403110664 -> 
  custom:video-decoder-webm-vp8: 9c59270c3fd7afecdb556c50c9e8de78 -> 
  custom:audio-decoder-ogg-vorbis: bf7c407c2cedff20999df2af8eb42d56 -> 
  custom:audio-encoder-webm-vorbis: bf7c407c2cedff20999df2af8eb42d56 -> 
========================================================================
Received Prepare
Registering precompiled user dll's ...
Registered in 0.006633 seconds.
Begin MonoManager ReloadAssembly
Native extension for WindowsStandalone target not found
Refreshing native plugins compatible for Editor in 0.62 ms, found 3 plugins.
Preloading 0 native plugins for Editor in 0.00 ms.
Mono: successfully reloaded assembly
- Completed reload, in  1.013 seconds
Domain Reload Profiling:
	ReloadAssembly (1013ms)
		BeginReloadAssembly (101ms)
			ExecutionOrderSort (0ms)
			DisableScriptedObjects (4ms)
			BackupInstance (0ms)
			ReleaseScriptingObjects (0ms)
			CreateAndSetChildDomain (31ms)
		EndReloadAssembly (860ms)
			LoadAssemblies (88ms)
			RebuildTransferFunctionScriptingTraits (0ms)
			SetupTypeCache (275ms)
			ReleaseScriptCaches (1ms)
			RebuildScriptCaches (37ms)
			SetupLoadedEditorAssemblies (371ms)
				LogAssemblyErrors (0ms)
				InitializePlatformSupportModulesInManaged (4ms)
				SetLoadedEditorAssemblies (0ms)
				RefreshPlugins (1ms)
				BeforeProcessingInitializeOnLoad (80ms)
				ProcessInitializeOnLoadAttributes (274ms)
				ProcessInitializeOnLoadMethodAttributes (8ms)
				AfterProcessingInitializeOnLoad (5ms)
				EditorAssembliesLoaded (0ms)
			ExecutionOrderSort2 (0ms)
			AwakeInstancesAfterBackupRestoration (13ms)
Platform modules already initialized, skipping
Refreshing native plugins compatible for Editor in 1.16 ms, found 3 plugins.
Preloading 0 native plugins for Editor in 0.00 ms.
Unloading 2899 Unused Serialized files (Serialized files now loaded: 0)
System memory in use before: 136.6 MB.
System memory in use after: 133.9 MB.

Unloading 75 unused Assets to reduce memory usage. Loaded Objects now: 3374.
Total: 4.348900 ms (FindLiveObjects: 0.244000 ms CreateObjectMapping: 0.179000 ms MarkObjects: 2.675300 ms  DeleteObjects: 1.249800 ms)

AssetImportParameters requested are different than current active one (requested -> active):
  custom:framework-win-MediaFoundation: 216162199b28c13a410421893ffa2e32 -> 
  custom:video-decoder-ogg-theora: a1e56fd34408186e4bbccfd4996cb3dc -> 
  custom:container-muxer-webm: aa71ff27fc2769a1b78a27578f13a17b -> 
  custom:container-demuxer-webm: 4f35f7cbe854078d1ac9338744f61a02 -> 
  custom:container-demuxer-ogg: 62fdf1f143b41e24485cea50d1cbac27 -> 
  custom:video-encoder-webm-vp8: eb34c28f22e8b96e1ab97ce403110664 -> 
  custom:video-decoder-webm-vp8: 9c59270c3fd7afecdb556c50c9e8de78 -> 
  custom:audio-decoder-ogg-vorbis: bf7c407c2cedff20999df2af8eb42d56 -> 
  custom:audio-encoder-webm-vorbis: bf7c407c2cedff20999df2af8eb42d56 -> 
========================================================================
Received Import Request.
  Time since last request: 1295.801633 seconds.
  path: Assets/Karting/Rhythm Rider/New Animation.anim
  artifactKey: Guid(95e570b0aa42b6b458b35c497758fb4c) Importer(815301076,1909f56bfc062723c751e8b465ee728b)
Start importing Assets/Karting/Rhythm Rider/New Animation.anim using Guid(95e570b0aa42b6b458b35c497758fb4c) Importer(815301076,1909f56bfc062723c751e8b465ee728b)  -> (artifact id: 'e420f227dd21d256e4f8d6803386d338') in 0.018850 seconds 
========================================================================
Received Prepare
Registering precompiled user dll's ...
Registered in 0.006416 seconds.
Begin MonoManager ReloadAssembly
Native extension for WindowsStandalone target not found
Refreshing native plugins compatible for Editor in 0.61 ms, found 3 plugins.
Preloading 0 native plugins for Editor in 0.00 ms.
Mono: successfully reloaded assembly
- Completed reload, in  1.037 seconds
Domain Reload Profiling:
	ReloadAssembly (1037ms)
		BeginReloadAssembly (101ms)
			ExecutionOrderSort (0ms)
			DisableScriptedObjects (4ms)
			BackupInstance (0ms)
			ReleaseScriptingObjects (0ms)
			CreateAndSetChildDomain (31ms)
		EndReloadAssembly (881ms)
			LoadAssemblies (84ms)
			RebuildTransferFunctionScriptingTraits (0ms)
			SetupTypeCache (289ms)
			ReleaseScriptCaches (1ms)
			RebuildScriptCaches (36ms)
			SetupLoadedEditorAssemblies (384ms)
				LogAssemblyErrors (0ms)
				InitializePlatformSupportModulesInManaged (4ms)
				SetLoadedEditorAssemblies (0ms)
				RefreshPlugins (1ms)
				BeforeProcessingInitializeOnLoad (84ms)
				ProcessInitializeOnLoadAttributes (277ms)
				ProcessInitializeOnLoadMethodAttributes (10ms)
				AfterProcessingInitializeOnLoad (8ms)
				EditorAssembliesLoaded (0ms)
			ExecutionOrderSort2 (0ms)
			AwakeInstancesAfterBackupRestoration (14ms)
Platform modules already initialized, skipping
Refreshing native plugins compatible for Editor in 0.66 ms, found 3 plugins.
Preloading 0 native plugins for Editor in 0.00 ms.
Unloading 2899 Unused Serialized files (Serialized files now loaded: 0)
System memory in use before: 136.6 MB.
System memory in use after: 133.9 MB.

Unloading 75 unused Assets to reduce memory usage. Loaded Objects now: 3377.
Total: 4.222800 ms (FindLiveObjects: 0.213100 ms CreateObjectMapping: 0.148300 ms MarkObjects: 2.603800 ms  DeleteObjects: 1.256200 ms)

AssetImportParameters requested are different than current active one (requested -> active):
  custom:framework-win-MediaFoundation: 216162199b28c13a410421893ffa2e32 -> 
  custom:video-decoder-ogg-theora: a1e56fd34408186e4bbccfd4996cb3dc -> 
  custom:container-muxer-webm: aa71ff27fc2769a1b78a27578f13a17b -> 
  custom:container-demuxer-webm: 4f35f7cbe854078d1ac9338744f61a02 -> 
  custom:container-demuxer-ogg: 62fdf1f143b41e24485cea50d1cbac27 -> 
  custom:video-encoder-webm-vp8: eb34c28f22e8b96e1ab97ce403110664 -> 
  custom:video-decoder-webm-vp8: 9c59270c3fd7afecdb556c50c9e8de78 -> 
  custom:audio-decoder-ogg-vorbis: bf7c407c2cedff20999df2af8eb42d56 -> 
  custom:audio-encoder-webm-vorbis: bf7c407c2cedff20999df2af8eb42d56 -> 
========================================================================
Received Import Request.
  Time since last request: 89.992839 seconds.
  path: Assets/Karting/Rhythm Rider/camera.anim
  artifactKey: Guid(fd52badfc7cc20743832ad414b6fa42a) Importer(815301076,1909f56bfc062723c751e8b465ee728b)
Start importing Assets/Karting/Rhythm Rider/camera.anim using Guid(fd52badfc7cc20743832ad414b6fa42a) Importer(815301076,1909f56bfc062723c751e8b465ee728b)  -> (artifact id: 'f9de3834edfc55846c416947a669ee98') in 0.014433 seconds 
========================================================================
Received Import Request.
  Time since last request: 81.196500 seconds.
  path: Assets/Karting/Tutorials/1 Get started/1 Get Started.asset
  artifactKey: Guid(92d21b44a68004daebe1f6c4e03b487a) Importer(815301076,1909f56bfc062723c751e8b465ee728b)
Start importing Assets/Karting/Tutorials/1 Get started/1 Get Started.asset using Guid(92d21b44a68004daebe1f6c4e03b487a) Importer(815301076,1909f56bfc062723c751e8b465ee728b)  -> (artifact id: 'c4aaf75cb48e4b98ab7b3fe9f49ff6c3') in 0.172846 seconds 
========================================================================
Received Import Request.
  Time since last request: 0.000208 seconds.
  path: Assets/Karting/Tutorials/2 Editor UI/2 Editor UI.asset
  artifactKey: Guid(ef019b20e49b14cfca4e98ecf5fd345d) Importer(815301076,1909f56bfc062723c751e8b465ee728b)
Start importing Assets/Karting/Tutorials/2 Editor UI/2 Editor UI.asset using Guid(ef019b20e49b14cfca4e98ecf5fd345d) Importer(815301076,1909f56bfc062723c751e8b465ee728b)  -> (artifact id: 'a246dd2451cdca929300c934a93919ee') in 0.135894 seconds 
========================================================================
Received Import Request.
  Time since last request: 0.000180 seconds.
  path: Assets/Karting/Tutorials/3 Edit Colors/3 Edit Colors.asset
  artifactKey: Guid(83255933b1f9a13428ca582620d979c8) Importer(815301076,1909f56bfc062723c751e8b465ee728b)
Start importing Assets/Karting/Tutorials/3 Edit Colors/3 Edit Colors.asset using Guid(83255933b1f9a13428ca582620d979c8) Importer(815301076,1909f56bfc062723c751e8b465ee728b)  -> (artifact id: '29b882dcbfaa7828c016acbd4adcadcd') in 0.127980 seconds 
========================================================================
Received Import Request.
  Time since last request: 0.000175 seconds.
  path: Assets/Karting/Tutorials/4 Add a Jump/4 Add a Jump.asset
  artifactKey: Guid(351b553575cb34b12945f5996095329d) Importer(815301076,1909f56bfc062723c751e8b465ee728b)
Start importing Assets/Karting/Tutorials/4 Add a Jump/4 Add a Jump.asset using Guid(351b553575cb34b12945f5996095329d) Importer(815301076,1909f56bfc062723c751e8b465ee728b)  -> (artifact id: '823d31889adc08ad2dfa036a71dd4792') in 0.133889 seconds 
========================================================================
Received Import Request.
  Time since last request: 5.913361 seconds.
  path: Assets/Karting/Tutorials/5 Build and Publish/5 Build and Publish.asset
  artifactKey: Guid(c122a1a2efeb58349b8154e42481067b) Importer(815301076,1909f56bfc062723c751e8b465ee728b)
Start importing Assets/Karting/Tutorials/5 Build and Publish/5 Build and Publish.asset using Guid(c122a1a2efeb58349b8154e42481067b) Importer(815301076,1909f56bfc062723c751e8b465ee728b)  -> (artifact id: '91f136871c598afcb3c9fcae0744e79a') in 0.124808 seconds 
========================================================================
Received Import Request.
  Time since last request: 0.025639 seconds.
  path: Assets/Karting/Tutorials/4 Add a Jump/Add a Jump 005.asset
  artifactKey: Guid(a3c0acd3a97a8464ea283a617b2bb20c) Importer(815301076,1909f56bfc062723c751e8b465ee728b)
Start importing Assets/Karting/Tutorials/4 Add a Jump/Add a Jump 005.asset using Guid(a3c0acd3a97a8464ea283a617b2bb20c) Importer(815301076,1909f56bfc062723c751e8b465ee728b)  -> (artifact id: 'ae26ad0f7e72befa17026b0a4b9f2cc5') in 0.005986 seconds 
========================================================================
Received Import Request.
  Time since last request: 0.146989 seconds.
  path: Assets/Karting/Tutorials/4 Add a Jump/Add a Jump 006 - delete.asset
  artifactKey: Guid(1646972b18d5d4223ae5eddd7419a5cb) Importer(815301076,1909f56bfc062723c751e8b465ee728b)
Start importing Assets/Karting/Tutorials/4 Add a Jump/Add a Jump 006 - delete.asset using Guid(1646972b18d5d4223ae5eddd7419a5cb) Importer(815301076,1909f56bfc062723c751e8b465ee728b)  -> (artifact id: '78137c00f1fb6aee08fcdebb59837cca') in 0.011249 seconds 
========================================================================
Received Import Request.
  Time since last request: 0.000137 seconds.
  path: Assets/Karting/Tutorials/4 Add a Jump/Add a Jump 020.asset
  artifactKey: Guid(be261f07c71d3462bbf00524e82591ad) Importer(815301076,1909f56bfc062723c751e8b465ee728b)
Start importing Assets/Karting/Tutorials/4 Add a Jump/Add a Jump 020.asset using Guid(be261f07c71d3462bbf00524e82591ad) Importer(815301076,1909f56bfc062723c751e8b465ee728b)  -> (artifact id: 'b2eeda7ce82f28f6c3ad61f504d34820') in 0.010875 seconds 
========================================================================
Received Import Request.
  Time since last request: 0.325506 seconds.
  path: Assets/Karting/Tutorials/4 Add a Jump/Add a Jump 025.asset
  artifactKey: Guid(925c9c088984d4481ba4151bb9eba820) Importer(815301076,1909f56bfc062723c751e8b465ee728b)
Start importing Assets/Karting/Tutorials/4 Add a Jump/Add a Jump 025.asset using Guid(925c9c088984d4481ba4151bb9eba820) Importer(815301076,1909f56bfc062723c751e8b465ee728b)  -> (artifact id: 'd89916f93b580f5a1756adc6e95ecbbd') in 0.013599 seconds 
========================================================================
Received Import Request.
  Time since last request: 0.000132 seconds.
  path: Assets/Karting/Tutorials/4 Add a Jump/Add a Jump 035.asset
  artifactKey: Guid(423bbef88c09e457caf11e626b5039fa) Importer(815301076,1909f56bfc062723c751e8b465ee728b)
Start importing Assets/Karting/Tutorials/4 Add a Jump/Add a Jump 035.asset using Guid(423bbef88c09e457caf11e626b5039fa) Importer(815301076,1909f56bfc062723c751e8b465ee728b)  -> (artifact id: '4deb1d920f22628c1d59ae3b4b4666eb') in 0.009165 seconds 
========================================================================
Received Import Request.
  Time since last request: 0.000169 seconds.
  path: Assets/Karting/Tutorials/4 Add a Jump/Add a Jump 032.asset
  artifactKey: Guid(9e40b27755e7c417bb209bc003d8b464) Importer(815301076,1909f56bfc062723c751e8b465ee728b)
Start importing Assets/Karting/Tutorials/4 Add a Jump/Add a Jump 032.asset using Guid(9e40b27755e7c417bb209bc003d8b464) Importer(815301076,1909f56bfc062723c751e8b465ee728b)  -> (artifact id: '93421d5e1eebc17b422043111a3f9bb3') in 0.017177 seconds 
========================================================================
Received Import Request.
  Time since last request: 0.000157 seconds.
  path: Assets/Karting/Tutorials/4 Add a Jump/Add a Jump 031.asset
  artifactKey: Guid(fb1142c575fff4f0abbd81cfa7064e2c) Importer(815301076,1909f56bfc062723c751e8b465ee728b)
Start importing Assets/Karting/Tutorials/4 Add a Jump/Add a Jump 031.asset using Guid(fb1142c575fff4f0abbd81cfa7064e2c) Importer(815301076,1909f56bfc062723c751e8b465ee728b)  -> (artifact id: 'bdc94d43c524b01b993a1d7526cdfefc') in 0.013555 seconds 
========================================================================
Received Import Request.
  Time since last request: 0.000192 seconds.
  path: Assets/Karting/Tutorials/4 Add a Jump/Add a Jump 038.asset
  artifactKey: Guid(f7b1836921553457a85206d04cf113c7) Importer(815301076,1909f56bfc062723c751e8b465ee728b)
Start importing Assets/Karting/Tutorials/4 Add a Jump/Add a Jump 038.asset using Guid(f7b1836921553457a85206d04cf113c7) Importer(815301076,1909f56bfc062723c751e8b465ee728b)  -> (artifact id: '1917d267caa665972e9b108c17a77881') in 0.007797 seconds 
========================================================================
Received Import Request.
  Time since last request: 0.000173 seconds.
  path: Assets/Karting/Prefabs/UI/AdditionalInGameData.prefab
  artifactKey: Guid(513c85d68668a0e439b3f20de6da70e4) Importer(815301076,1909f56bfc062723c751e8b465ee728b)
Start importing Assets/Karting/Prefabs/UI/AdditionalInGameData.prefab using Guid(513c85d68668a0e439b3f20de6da70e4) Importer(815301076,1909f56bfc062723c751e8b465ee728b)  -> (artifact id: '72781ea29b27ad2ecfe36aec390ac8eb') in 0.050700 seconds 
========================================================================
Received Import Request.
  Time since last request: 0.000178 seconds.
  path: Assets/Karting/Tutorials/4 Add a Jump/Add a Jump 040.asset
  artifactKey: Guid(426c2ecafb50d45939c113b173a202a3) Importer(815301076,1909f56bfc062723c751e8b465ee728b)
Start importing Assets/Karting/Tutorials/4 Add a Jump/Add a Jump 040.asset using Guid(426c2ecafb50d45939c113b173a202a3) Importer(815301076,1909f56bfc062723c751e8b465ee728b)  -> (artifact id: 'de14daafd1b0dc354d4d754231ba175b') in 0.124236 seconds 
========================================================================
Received Import Request.
  Time since last request: 0.340485 seconds.
  path: Assets/Karting/Prefabs/Setup/ArcadeEngineAudio.prefab
  artifactKey: Guid(129aa9342650245cbadf61f8391f3878) Importer(815301076,1909f56bfc062723c751e8b465ee728b)
Start importing Assets/Karting/Prefabs/Setup/ArcadeEngineAudio.prefab using Guid(129aa9342650245cbadf61f8391f3878) Importer(815301076,1909f56bfc062723c751e8b465ee728b)  -> (artifact id: 'a986b566f17f5db837d979b241c3c094') in 0.006988 seconds 
========================================================================
Received Import Request.
  Time since last request: 0.023251 seconds.
  path: Assets/Karting/PhysicsMaterials/ArcadeKartBody.physicMaterial
  artifactKey: Guid(d95b5e49839d84ee191c3c6961b60124) Importer(815301076,1909f56bfc062723c751e8b465ee728b)
Start importing Assets/Karting/PhysicsMaterials/ArcadeKartBody.physicMaterial using Guid(d95b5e49839d84ee191c3c6961b60124) Importer(815301076,1909f56bfc062723c751e8b465ee728b)  -> (artifact id: 'bfc3620b9d0701b67e50d01205063c9a') in 0.007561 seconds 
========================================================================
Received Import Request.
  Time since last request: 2.496393 seconds.
  path: Assets/Karting/Art/Textures/UI/Notification_MainObj_Icon.png
  artifactKey: Guid(65fd26883529a5f4db44ea16cf925e82) Importer(815301076,1909f56bfc062723c751e8b465ee728b)
Start importing Assets/Karting/Art/Textures/UI/Notification_MainObj_Icon.png using Guid(65fd26883529a5f4db44ea16cf925e82) Importer(815301076,1909f56bfc062723c751e8b465ee728b)  -> (artifact id: '412890a701bfab7d8598476c48bb6354') in 0.054655 seconds 
========================================================================
Received Import Request.
  Time since last request: 7.363015 seconds.
  path: Assets/Karting/PhysicsMaterials/NoFriction.physicMaterial
  artifactKey: Guid(a46ba4e273ba0684f90f4acc0fdf44d5) Importer(815301076,1909f56bfc062723c751e8b465ee728b)
Start importing Assets/Karting/PhysicsMaterials/NoFriction.physicMaterial using Guid(a46ba4e273ba0684f90f4acc0fdf44d5) Importer(815301076,1909f56bfc062723c751e8b465ee728b)  -> (artifact id: '80c771f8aff5ec8b242cc322a1390a6d') in 0.005554 seconds 
========================================================================
Received Import Request.
  Time since last request: 0.000141 seconds.
  path: Assets/Mod Assets/Kart/Stylized Profiles/Noir Profile.asset
  artifactKey: Guid(f2a7733f1191f4a35b2bbb50208ae674) Importer(815301076,1909f56bfc062723c751e8b465ee728b)
Start importing Assets/Mod Assets/Kart/Stylized Profiles/Noir Profile.asset using Guid(f2a7733f1191f4a35b2bbb50208ae674) Importer(815301076,1909f56bfc062723c751e8b465ee728b)  -> (artifact id: '92b016cb55e5aa49a9e41b9961976b96') in 0.018921 seconds 
========================================================================
Received Prepare
Registering precompiled user dll's ...
Registered in 0.006167 seconds.
Begin MonoManager ReloadAssembly
Native extension for WindowsStandalone target not found
Refreshing native plugins compatible for Editor in 0.80 ms, found 3 plugins.
Preloading 0 native plugins for Editor in 0.00 ms.
Mono: successfully reloaded assembly
- Completed reload, in  1.165 seconds
Domain Reload Profiling:
	ReloadAssembly (1165ms)
		BeginReloadAssembly (126ms)
			ExecutionOrderSort (0ms)
			DisableScriptedObjects (5ms)
			BackupInstance (0ms)
			ReleaseScriptingObjects (0ms)
			CreateAndSetChildDomain (41ms)
		EndReloadAssembly (978ms)
			LoadAssemblies (105ms)
			RebuildTransferFunctionScriptingTraits (0ms)
			SetupTypeCache (313ms)
			ReleaseScriptCaches (1ms)
			RebuildScriptCaches (42ms)
			SetupLoadedEditorAssemblies (425ms)
				LogAssemblyErrors (0ms)
				InitializePlatformSupportModulesInManaged (5ms)
				SetLoadedEditorAssemblies (1ms)
				RefreshPlugins (1ms)
				BeforeProcessingInitializeOnLoad (94ms)
				ProcessInitializeOnLoadAttributes (312ms)
				ProcessInitializeOnLoadMethodAttributes (7ms)
				AfterProcessingInitializeOnLoad (5ms)
				EditorAssembliesLoaded (0ms)
			ExecutionOrderSort2 (0ms)
			AwakeInstancesAfterBackupRestoration (14ms)
Platform modules already initialized, skipping
Refreshing native plugins compatible for Editor in 0.63 ms, found 3 plugins.
Preloading 0 native plugins for Editor in 0.00 ms.
Unloading 2899 Unused Serialized files (Serialized files now loaded: 0)
System memory in use before: 136.8 MB.
System memory in use after: 134.0 MB.

Unloading 75 unused Assets to reduce memory usage. Loaded Objects now: 3384.
Total: 4.834500 ms (FindLiveObjects: 0.269200 ms CreateObjectMapping: 0.191600 ms MarkObjects: 3.046400 ms  DeleteObjects: 1.326300 ms)

AssetImportParameters requested are different than current active one (requested -> active):
  custom:framework-win-MediaFoundation: 216162199b28c13a410421893ffa2e32 -> 
  custom:video-decoder-ogg-theora: a1e56fd34408186e4bbccfd4996cb3dc -> 
  custom:container-muxer-webm: aa71ff27fc2769a1b78a27578f13a17b -> 
  custom:container-demuxer-webm: 4f35f7cbe854078d1ac9338744f61a02 -> 
  custom:container-demuxer-ogg: 62fdf1f143b41e24485cea50d1cbac27 -> 
  custom:video-encoder-webm-vp8: eb34c28f22e8b96e1ab97ce403110664 -> 
  custom:video-decoder-webm-vp8: 9c59270c3fd7afecdb556c50c9e8de78 -> 
  custom:audio-decoder-ogg-vorbis: bf7c407c2cedff20999df2af8eb42d56 -> 
  custom:audio-encoder-webm-vorbis: bf7c407c2cedff20999df2af8eb42d56 -> 
========================================================================
Received Import Request.
  Time since last request: 173.907058 seconds.
  path: Assets/Karting/Rhythm Rider/chord.prefab
  artifactKey: Guid(36b32539326c3fe439ac329fb7d9164d) Importer(815301076,1909f56bfc062723c751e8b465ee728b)
Start importing Assets/Karting/Rhythm Rider/chord.prefab using Guid(36b32539326c3fe439ac329fb7d9164d) Importer(815301076,1909f56bfc062723c751e8b465ee728b)  -> (artifact id: 'fd3c4972df5aa53e7f0894c9482fcb2b') in 0.047236 seconds 
========================================================================
Received Import Request.
  Time since last request: 0.000201 seconds.
  path: Assets/Karting/Rhythm Rider/note type 1.prefab
  artifactKey: Guid(9a1e7e847f457094fbe3dba65ef57cc6) Importer(815301076,1909f56bfc062723c751e8b465ee728b)
Start importing Assets/Karting/Rhythm Rider/note type 1.prefab using Guid(9a1e7e847f457094fbe3dba65ef57cc6) Importer(815301076,1909f56bfc062723c751e8b465ee728b)  -> (artifact id: 'aa91e8331b4d5dc17d48816613699525') in 0.009588 seconds 
========================================================================
Received Import Request.
  Time since last request: 9.949842 seconds.
  path: Assets/Karting/Rhythm Rider/chord.prefab
  artifactKey: Guid(36b32539326c3fe439ac329fb7d9164d) Importer(815301076,1909f56bfc062723c751e8b465ee728b)
Start importing Assets/Karting/Rhythm Rider/chord.prefab using Guid(36b32539326c3fe439ac329fb7d9164d) Importer(815301076,1909f56bfc062723c751e8b465ee728b)  -> (artifact id: 'b9f5d9505d96df6f019c98b9c747e5a5') in 0.010149 seconds 
========================================================================
Received Import Request.
  Time since last request: 0.000221 seconds.
  path: Assets/Karting/Rhythm Rider/note type 1.prefab
  artifactKey: Guid(9a1e7e847f457094fbe3dba65ef57cc6) Importer(815301076,1909f56bfc062723c751e8b465ee728b)
Start importing Assets/Karting/Rhythm Rider/note type 1.prefab using Guid(9a1e7e847f457094fbe3dba65ef57cc6) Importer(815301076,1909f56bfc062723c751e8b465ee728b)  -> (artifact id: '2b5b49114fc164ac83a2d115cecf4d70') in 0.008861 seconds 
========================================================================
Received Import Request.
  Time since last request: 2.787507 seconds.
  path: Assets/Karting/Rhythm Rider/chord.prefab
  artifactKey: Guid(36b32539326c3fe439ac329fb7d9164d) Importer(815301076,1909f56bfc062723c751e8b465ee728b)
Start importing Assets/Karting/Rhythm Rider/chord.prefab using Guid(36b32539326c3fe439ac329fb7d9164d) Importer(815301076,1909f56bfc062723c751e8b465ee728b)  -> (artifact id: '142a4d82de51178ca2050ca12d53472f') in 0.010518 seconds 
========================================================================
Received Import Request.
  Time since last request: 0.000209 seconds.
  path: Assets/Karting/Rhythm Rider/note type 1.prefab
  artifactKey: Guid(9a1e7e847f457094fbe3dba65ef57cc6) Importer(815301076,1909f56bfc062723c751e8b465ee728b)
Start importing Assets/Karting/Rhythm Rider/note type 1.prefab using Guid(9a1e7e847f457094fbe3dba65ef57cc6) Importer(815301076,1909f56bfc062723c751e8b465ee728b)  -> (artifact id: '0566fa0240603f26f1b73ca708380d54') in 0.024850 seconds 
========================================================================
Received Import Request.
  Time since last request: 1.854877 seconds.
  path: Assets/Karting/Rhythm Rider/New Material.mat
  artifactKey: Guid(f377a507be201c244b6ead092f1df579) Importer(815301076,1909f56bfc062723c751e8b465ee728b)
Start importing Assets/Karting/Rhythm Rider/New Material.mat using Guid(f377a507be201c244b6ead092f1df579) Importer(815301076,1909f56bfc062723c751e8b465ee728b)  -> (artifact id: '3128ef047a422a5d1a8594364e89c8c4') in 0.035711 seconds 
========================================================================
Received Import Request.
  Time since last request: 22.600897 seconds.
  path: Assets/Karting/Rhythm Rider/chord.prefab
  artifactKey: Guid(36b32539326c3fe439ac329fb7d9164d) Importer(815301076,1909f56bfc062723c751e8b465ee728b)
Start importing Assets/Karting/Rhythm Rider/chord.prefab using Guid(36b32539326c3fe439ac329fb7d9164d) Importer(815301076,1909f56bfc062723c751e8b465ee728b)  -> (artifact id: '538b220c2a8d7a6667c3f7703c765956') in 0.010968 seconds 
========================================================================
Received Import Request.
  Time since last request: 0.000241 seconds.
  path: Assets/Karting/Rhythm Rider/note type 2.prefab
  artifactKey: Guid(ccfc0bd6afad6e649952742186465b5e) Importer(815301076,1909f56bfc062723c751e8b465ee728b)
Start importing Assets/Karting/Rhythm Rider/note type 2.prefab using Guid(ccfc0bd6afad6e649952742186465b5e) Importer(815301076,1909f56bfc062723c751e8b465ee728b)  -> (artifact id: 'cce9dee974f77e3c0e46a62976b96943') in 0.011423 seconds 
========================================================================
Received Import Request.
  Time since last request: 4.795161 seconds.
  path: Assets/Karting/Rhythm Rider/chord.prefab
  artifactKey: Guid(36b32539326c3fe439ac329fb7d9164d) Importer(815301076,1909f56bfc062723c751e8b465ee728b)
Start importing Assets/Karting/Rhythm Rider/chord.prefab using Guid(36b32539326c3fe439ac329fb7d9164d) Importer(815301076,1909f56bfc062723c751e8b465ee728b)  -> (artifact id: 'da766446403a6e628509b648008ccfee') in 0.014892 seconds 
========================================================================
Received Import Request.
  Time since last request: 0.000213 seconds.
  path: Assets/Karting/Rhythm Rider/note type 2.prefab
  artifactKey: Guid(ccfc0bd6afad6e649952742186465b5e) Importer(815301076,1909f56bfc062723c751e8b465ee728b)
Start importing Assets/Karting/Rhythm Rider/note type 2.prefab using Guid(ccfc0bd6afad6e649952742186465b5e) Importer(815301076,1909f56bfc062723c751e8b465ee728b)  -> (artifact id: '0206a47c5fd18618818cdb7a9544e0e9') in 0.018962 seconds 
========================================================================
Received Import Request.
  Time since last request: 9.552707 seconds.
  path: Assets/Karting/Rhythm Rider/New Animation.anim
  artifactKey: Guid(95e570b0aa42b6b458b35c497758fb4c) Importer(815301076,1909f56bfc062723c751e8b465ee728b)
Start importing Assets/Karting/Rhythm Rider/New Animation.anim using Guid(95e570b0aa42b6b458b35c497758fb4c) Importer(815301076,1909f56bfc062723c751e8b465ee728b)  -> (artifact id: 'b2fa1db7a73371ac5a007e01ba06753a') in 0.233063 seconds 
========================================================================
Received Import Request.
  Time since last request: 7.199557 seconds.
  path: Assets/Karting/Scenes/MainSceneSettings.lighting
  artifactKey: Guid(3799bcb32c94f46429e90b93929a29ba) Importer(815301076,1909f56bfc062723c751e8b465ee728b)
Start importing Assets/Karting/Scenes/MainSceneSettings.lighting using Guid(3799bcb32c94f46429e90b93929a29ba) Importer(815301076,1909f56bfc062723c751e8b465ee728b)  -> (artifact id: '5b4af9d4b975e3191a22ce93f437eaff') in 0.006405 seconds 
========================================================================
Received Import Request.
  Time since last request: 3.398687 seconds.
  path: Assets/Karting/Scenes/MainScene.unity
  artifactKey: Guid(92786e23da2af4a4f8803aaf44c47121) Importer(815301076,1909f56bfc062723c751e8b465ee728b)
Start importing Assets/Karting/Scenes/MainScene.unity using Guid(92786e23da2af4a4f8803aaf44c47121) Importer(815301076,1909f56bfc062723c751e8b465ee728b)  -> (artifact id: '99a185ae1c5eb749210c2fd47d99b6b3') in 0.006039 seconds 
========================================================================
Received Prepare
Registering precompiled user dll's ...
Registered in 0.007012 seconds.
Begin MonoManager ReloadAssembly
Native extension for WindowsStandalone target not found
Refreshing native plugins compatible for Editor in 0.64 ms, found 3 plugins.
Preloading 0 native plugins for Editor in 0.00 ms.
Mono: successfully reloaded assembly
- Completed reload, in  1.019 seconds
Domain Reload Profiling:
	ReloadAssembly (1019ms)
		BeginReloadAssembly (112ms)
			ExecutionOrderSort (0ms)
			DisableScriptedObjects (3ms)
			BackupInstance (0ms)
			ReleaseScriptingObjects (0ms)
			CreateAndSetChildDomain (39ms)
		EndReloadAssembly (858ms)
			LoadAssemblies (88ms)
			RebuildTransferFunctionScriptingTraits (0ms)
			SetupTypeCache (272ms)
			ReleaseScriptCaches (1ms)
			RebuildScriptCaches (36ms)
			SetupLoadedEditorAssemblies (378ms)
				LogAssemblyErrors (0ms)
				InitializePlatformSupportModulesInManaged (4ms)
				SetLoadedEditorAssemblies (0ms)
				RefreshPlugins (1ms)
				BeforeProcessingInitializeOnLoad (87ms)
				ProcessInitializeOnLoadAttributes (273ms)
				ProcessInitializeOnLoadMethodAttributes (7ms)
				AfterProcessingInitializeOnLoad (5ms)
				EditorAssembliesLoaded (0ms)
			ExecutionOrderSort2 (0ms)
			AwakeInstancesAfterBackupRestoration (14ms)
Platform modules already initialized, skipping
Refreshing native plugins compatible for Editor in 0.64 ms, found 3 plugins.
Preloading 0 native plugins for Editor in 0.00 ms.
Unloading 2899 Unused Serialized files (Serialized files now loaded: 0)
System memory in use before: 136.8 MB.
System memory in use after: 134.0 MB.

Unloading 75 unused Assets to reduce memory usage. Loaded Objects now: 3389.
Total: 4.914600 ms (FindLiveObjects: 0.255800 ms CreateObjectMapping: 0.162200 ms MarkObjects: 3.213800 ms  DeleteObjects: 1.281900 ms)

AssetImportParameters requested are different than current active one (requested -> active):
  custom:framework-win-MediaFoundation: 216162199b28c13a410421893ffa2e32 -> 
  custom:video-decoder-ogg-theora: a1e56fd34408186e4bbccfd4996cb3dc -> 
  custom:container-muxer-webm: aa71ff27fc2769a1b78a27578f13a17b -> 
  custom:container-demuxer-webm: 4f35f7cbe854078d1ac9338744f61a02 -> 
  custom:container-demuxer-ogg: 62fdf1f143b41e24485cea50d1cbac27 -> 
  custom:video-encoder-webm-vp8: eb34c28f22e8b96e1ab97ce403110664 -> 
  custom:video-decoder-webm-vp8: 9c59270c3fd7afecdb556c50c9e8de78 -> 
  custom:audio-decoder-ogg-vorbis: bf7c407c2cedff20999df2af8eb42d56 -> 
  custom:audio-encoder-webm-vorbis: bf7c407c2cedff20999df2af8eb42d56 -> 
========================================================================
Received Prepare
Registering precompiled user dll's ...
Registered in 0.006709 seconds.
Begin MonoManager ReloadAssembly
Native extension for WindowsStandalone target not found
Refreshing native plugins compatible for Editor in 0.61 ms, found 3 plugins.
Preloading 0 native plugins for Editor in 0.00 ms.
Mono: successfully reloaded assembly
- Completed reload, in  1.021 seconds
Domain Reload Profiling:
	ReloadAssembly (1021ms)
		BeginReloadAssembly (105ms)
			ExecutionOrderSort (0ms)
			DisableScriptedObjects (4ms)
			BackupInstance (0ms)
			ReleaseScriptingObjects (0ms)
			CreateAndSetChildDomain (31ms)
		EndReloadAssembly (866ms)
			LoadAssemblies (89ms)
			RebuildTransferFunctionScriptingTraits (0ms)
			SetupTypeCache (285ms)
			ReleaseScriptCaches (1ms)
			RebuildScriptCaches (44ms)
			SetupLoadedEditorAssemblies (360ms)
				LogAssemblyErrors (0ms)
				InitializePlatformSupportModulesInManaged (4ms)
				SetLoadedEditorAssemblies (0ms)
				RefreshPlugins (1ms)
				BeforeProcessingInitializeOnLoad (81ms)
				ProcessInitializeOnLoadAttributes (262ms)
				ProcessInitializeOnLoadMethodAttributes (7ms)
				AfterProcessingInitializeOnLoad (5ms)
				EditorAssembliesLoaded (0ms)
			ExecutionOrderSort2 (0ms)
			AwakeInstancesAfterBackupRestoration (14ms)
Platform modules already initialized, skipping
Refreshing native plugins compatible for Editor in 0.61 ms, found 3 plugins.
Preloading 0 native plugins for Editor in 0.00 ms.
Unloading 2899 Unused Serialized files (Serialized files now loaded: 0)
System memory in use before: 136.8 MB.
System memory in use after: 134.0 MB.

Unloading 75 unused Assets to reduce memory usage. Loaded Objects now: 3392.
Total: 4.537600 ms (FindLiveObjects: 0.288500 ms CreateObjectMapping: 0.172800 ms MarkObjects: 2.809700 ms  DeleteObjects: 1.265600 ms)

AssetImportParameters requested are different than current active one (requested -> active):
  custom:framework-win-MediaFoundation: 216162199b28c13a410421893ffa2e32 -> 
  custom:video-decoder-ogg-theora: a1e56fd34408186e4bbccfd4996cb3dc -> 
  custom:container-muxer-webm: aa71ff27fc2769a1b78a27578f13a17b -> 
  custom:container-demuxer-webm: 4f35f7cbe854078d1ac9338744f61a02 -> 
  custom:container-demuxer-ogg: 62fdf1f143b41e24485cea50d1cbac27 -> 
  custom:video-encoder-webm-vp8: eb34c28f22e8b96e1ab97ce403110664 -> 
  custom:video-decoder-webm-vp8: 9c59270c3fd7afecdb556c50c9e8de78 -> 
  custom:audio-decoder-ogg-vorbis: bf7c407c2cedff20999df2af8eb42d56 -> 
  custom:audio-encoder-webm-vorbis: bf7c407c2cedff20999df2af8eb42d56 -> 
========================================================================
Received Prepare
Registering precompiled user dll's ...
Registered in 0.008046 seconds.
Begin MonoManager ReloadAssembly
Native extension for WindowsStandalone target not found
Refreshing native plugins compatible for Editor in 1.03 ms, found 3 plugins.
Preloading 0 native plugins for Editor in 0.00 ms.
Mono: successfully reloaded assembly
- Completed reload, in  1.131 seconds
Domain Reload Profiling:
	ReloadAssembly (1132ms)
		BeginReloadAssembly (144ms)
			ExecutionOrderSort (0ms)
			DisableScriptedObjects (4ms)
			BackupInstance (0ms)
			ReleaseScriptingObjects (0ms)
			CreateAndSetChildDomain (61ms)
		EndReloadAssembly (934ms)
			LoadAssemblies (101ms)
			RebuildTransferFunctionScriptingTraits (0ms)
			SetupTypeCache (307ms)
			ReleaseScriptCaches (1ms)
			RebuildScriptCaches (38ms)
			SetupLoadedEditorAssemblies (384ms)
				LogAssemblyErrors (0ms)
				InitializePlatformSupportModulesInManaged (5ms)
				SetLoadedEditorAssemblies (1ms)
				RefreshPlugins (1ms)
				BeforeProcessingInitializeOnLoad (97ms)
				ProcessInitializeOnLoadAttributes (267ms)
				ProcessInitializeOnLoadMethodAttributes (8ms)
				AfterProcessingInitializeOnLoad (5ms)
				EditorAssembliesLoaded (0ms)
			ExecutionOrderSort2 (0ms)
			AwakeInstancesAfterBackupRestoration (15ms)
Platform modules already initialized, skipping
Refreshing native plugins compatible for Editor in 0.69 ms, found 3 plugins.
Preloading 0 native plugins for Editor in 0.00 ms.
Unloading 2899 Unused Serialized files (Serialized files now loaded: 0)
System memory in use before: 136.8 MB.
System memory in use after: 134.0 MB.

Unloading 75 unused Assets to reduce memory usage. Loaded Objects now: 3395.
Total: 4.741300 ms (FindLiveObjects: 0.242000 ms CreateObjectMapping: 0.172600 ms MarkObjects: 2.890900 ms  DeleteObjects: 1.434900 ms)

AssetImportParameters requested are different than current active one (requested -> active):
  custom:framework-win-MediaFoundation: 216162199b28c13a410421893ffa2e32 -> 
  custom:video-decoder-ogg-theora: a1e56fd34408186e4bbccfd4996cb3dc -> 
  custom:container-muxer-webm: aa71ff27fc2769a1b78a27578f13a17b -> 
  custom:container-demuxer-webm: 4f35f7cbe854078d1ac9338744f61a02 -> 
  custom:container-demuxer-ogg: 62fdf1f143b41e24485cea50d1cbac27 -> 
  custom:video-encoder-webm-vp8: eb34c28f22e8b96e1ab97ce403110664 -> 
  custom:video-decoder-webm-vp8: 9c59270c3fd7afecdb556c50c9e8de78 -> 
  custom:audio-decoder-ogg-vorbis: bf7c407c2cedff20999df2af8eb42d56 -> 
  custom:audio-encoder-webm-vorbis: bf7c407c2cedff20999df2af8eb42d56 -> 
AssetImportWorkerClient::OnTransportError - code=2 error=End of file
